<?xml version="1.0" encoding="UTF-8"?>
<coverage generated="1665123677350" clover="3.2.0">
  <project timestamp="1665123677350" name="All files">
    <metrics statements="20" coveredstatements="13" conditionals="0" coveredconditionals="0" methods="18" coveredmethods="11" elements="38" coveredelements="24" complexity="0" loc="20" ncloc="20" packages="1" files="1" classes="1"/>
    <file name="resolvers.js" path="/Users/sarvajitkumar/SFDX/GqlPractice/resolvers.js">
      <metrics statements="20" coveredstatements="13" conditionals="0" coveredconditionals="0" methods="18" coveredmethods="11"/>
      <line num="1" count="1" type="stmt"/>
      <line num="4" count="1" type="stmt"/>
      <line num="7" count="1" type="stmt"/>
      <line num="10" count="1" type="stmt"/>
      <line num="13" count="1" type="stmt"/>
      <line num="16" count="1" type="stmt"/>
      <line num="19" count="1" type="stmt"/>
      <line num="22" count="1" type="stmt"/>
      <line num="25" count="1" type="stmt"/>
      <line num="28" count="1" type="stmt"/>
      <line num="31" count="1" type="stmt"/>
      <line num="34" count="1" type="stmt"/>
      <line num="39" count="0" type="stmt"/>
      <line num="42" count="0" type="stmt"/>
      <line num="47" count="0" type="stmt"/>
      <line num="50" count="0" type="stmt"/>
      <line num="55" count="0" type="stmt"/>
      <line num="58" count="0" type="stmt"/>
      <line num="63" count="0" type="stmt"/>
      <line num="68" count="1" type="stmt"/>
    </file>
  </project>
</coverage>
