{"/Users/sarvajitkumar/SFDX/GqlPractice/resolvers.js": {"path":"/Users/sarvajitkumar/SFDX/GqlPractice/resolvers.js","statementMap":{"0":{"start":{"line":1,"column":18},"end":{"line":66,"column":1}},"1":{"start":{"line":4,"column":12},"end":{"line":4,"column":53}},"2":{"start":{"line":7,"column":12},"end":{"line":7,"column":53}},"3":{"start":{"line":10,"column":12},"end":{"line":10,"column":56}},"4":{"start":{"line":13,"column":12},"end":{"line":13,"column":53}},"5":{"start":{"line":16,"column":12},"end":{"line":16,"column":58}},"6":{"start":{"line":19,"column":12},"end":{"line":19,"column":58}},"7":{"start":{"line":22,"column":12},"end":{"line":22,"column":61}},"8":{"start":{"line":25,"column":12},"end":{"line":25,"column":55}},"9":{"start":{"line":28,"column":12},"end":{"line":28,"column":55}},"10":{"start":{"line":31,"column":12},"end":{"line":31,"column":58}},"11":{"start":{"line":34,"column":12},"end":{"line":34,"column":55}},"12":{"start":{"line":39,"column":12},"end":{"line":39,"column":58}},"13":{"start":{"line":42,"column":12},"end":{"line":42,"column":58}},"14":{"start":{"line":47,"column":12},"end":{"line":47,"column":27}},"15":{"start":{"line":50,"column":12},"end":{"line":50,"column":26}},"16":{"start":{"line":55,"column":12},"end":{"line":55,"column":27}},"17":{"start":{"line":58,"column":12},"end":{"line":58,"column":61}},"18":{"start":{"line":63,"column":12},"end":{"line":63,"column":27}},"19":{"start":{"line":68,"column":0},"end":{"line":68,"column":26}}},"fnMap":{"0":{"name":"(anonymous_0)","decl":{"start":{"line":3,"column":17},"end":{"line":3,"column":18}},"loc":{"start":{"line":3,"column":49},"end":{"line":5,"column":9}},"line":3},"1":{"name":"(anonymous_1)","decl":{"start":{"line":6,"column":17},"end":{"line":6,"column":18}},"loc":{"start":{"line":6,"column":49},"end":{"line":8,"column":9}},"line":6},"2":{"name":"(anonymous_2)","decl":{"start":{"line":9,"column":20},"end":{"line":9,"column":21}},"loc":{"start":{"line":9,"column":52},"end":{"line":11,"column":9}},"line":9},"3":{"name":"(anonymous_3)","decl":{"start":{"line":12,"column":17},"end":{"line":12,"column":18}},"loc":{"start":{"line":12,"column":49},"end":{"line":14,"column":9}},"line":12},"4":{"name":"(anonymous_4)","decl":{"start":{"line":15,"column":22},"end":{"line":15,"column":23}},"loc":{"start":{"line":15,"column":54},"end":{"line":17,"column":9}},"line":15},"5":{"name":"(anonymous_5)","decl":{"start":{"line":18,"column":22},"end":{"line":18,"column":23}},"loc":{"start":{"line":18,"column":54},"end":{"line":20,"column":9}},"line":18},"6":{"name":"(anonymous_6)","decl":{"start":{"line":21,"column":25},"end":{"line":21,"column":26}},"loc":{"start":{"line":21,"column":57},"end":{"line":23,"column":9}},"line":21},"7":{"name":"(anonymous_7)","decl":{"start":{"line":24,"column":21},"end":{"line":24,"column":22}},"loc":{"start":{"line":24,"column":49},"end":{"line":26,"column":9}},"line":24},"8":{"name":"(anonymous_8)","decl":{"start":{"line":27,"column":21},"end":{"line":27,"column":22}},"loc":{"start":{"line":27,"column":49},"end":{"line":29,"column":9}},"line":27},"9":{"name":"(anonymous_9)","decl":{"start":{"line":30,"column":24},"end":{"line":30,"column":25}},"loc":{"start":{"line":30,"column":52},"end":{"line":32,"column":9}},"line":30},"10":{"name":"(anonymous_10)","decl":{"start":{"line":33,"column":21},"end":{"line":33,"column":22}},"loc":{"start":{"line":33,"column":49},"end":{"line":35,"column":9}},"line":33},"11":{"name":"(anonymous_11)","decl":{"start":{"line":38,"column":15},"end":{"line":38,"column":16}},"loc":{"start":{"line":38,"column":47},"end":{"line":40,"column":9}},"line":38},"12":{"name":"(anonymous_12)","decl":{"start":{"line":41,"column":15},"end":{"line":41,"column":16}},"loc":{"start":{"line":41,"column":47},"end":{"line":43,"column":9}},"line":41},"13":{"name":"(anonymous_13)","decl":{"start":{"line":46,"column":16},"end":{"line":46,"column":17}},"loc":{"start":{"line":46,"column":33},"end":{"line":48,"column":9}},"line":46},"14":{"name":"(anonymous_14)","decl":{"start":{"line":49,"column":15},"end":{"line":49,"column":16}},"loc":{"start":{"line":49,"column":31},"end":{"line":51,"column":9}},"line":49},"15":{"name":"(anonymous_15)","decl":{"start":{"line":54,"column":16},"end":{"line":54,"column":17}},"loc":{"start":{"line":54,"column":33},"end":{"line":56,"column":9}},"line":54},"16":{"name":"(anonymous_16)","decl":{"start":{"line":57,"column":18},"end":{"line":57,"column":19}},"loc":{"start":{"line":57,"column":50},"end":{"line":59,"column":9}},"line":57},"17":{"name":"(anonymous_17)","decl":{"start":{"line":62,"column":16},"end":{"line":62,"column":17}},"loc":{"start":{"line":62,"column":33},"end":{"line":64,"column":9}},"line":62}},"branchMap":{},"s":{"0":1,"1":1,"2":1,"3":1,"4":1,"5":1,"6":1,"7":1,"8":1,"9":1,"10":1,"11":1,"12":0,"13":0,"14":0,"15":0,"16":0,"17":0,"18":0,"19":1},"f":{"0":1,"1":1,"2":1,"3":1,"4":1,"5":1,"6":1,"7":1,"8":1,"9":1,"10":1,"11":0,"12":0,"13":0,"14":0,"15":0,"16":0,"17":0},"b":{},"_coverageSchema":"1a1c01bbd47fc00a2c39e90264f33305004495a9","hash":"d40e7430d7d43bba42ad64940b4fcdb181e2c1b9"}
}
