TN:
SF:resolvers.js
FN:3,(anonymous_0)
FN:6,(anonymous_1)
FN:9,(anonymous_2)
FN:12,(anonymous_3)
FN:15,(anonymous_4)
FN:18,(anonymous_5)
FN:21,(anonymous_6)
FN:24,(anonymous_7)
FN:27,(anonymous_8)
FN:30,(anonymous_9)
FN:33,(anonymous_10)
FN:38,(anonymous_11)
FN:41,(anonymous_12)
FN:46,(anonymous_13)
FN:49,(anonymous_14)
FN:54,(anonymous_15)
FN:57,(anonymous_16)
FN:62,(anonymous_17)
FNF:18
FNH:11
FNDA:1,(anonymous_0)
FNDA:1,(anonymous_1)
FNDA:1,(anonymous_2)
FNDA:1,(anonymous_3)
FNDA:1,(anonymous_4)
FNDA:1,(anonymous_5)
FNDA:1,(anonymous_6)
FNDA:1,(anonymous_7)
FNDA:1,(anonymous_8)
FNDA:1,(anonymous_9)
FNDA:1,(anonymous_10)
FNDA:0,(anonymous_11)
FNDA:0,(anonymous_12)
FNDA:0,(anonymous_13)
FNDA:0,(anonymous_14)
FNDA:0,(anonymous_15)
FNDA:0,(anonymous_16)
FNDA:0,(anonymous_17)
DA:1,1
DA:4,1
DA:7,1
DA:10,1
DA:13,1
DA:16,1
DA:19,1
DA:22,1
DA:25,1
DA:28,1
DA:31,1
DA:34,1
DA:39,0
DA:42,0
DA:47,0
DA:50,0
DA:55,0
DA:58,0
DA:63,0
DA:68,1
LF:20
LH:13
BRF:0
BRH:0
end_of_record
